<ns0:test-suite xmlns:ns0="urn:model.allure.qatools.yandex.ru" start="1538720657160" stop="1538720674991">
  <name>testcase</name>
  <labels/>
  <test-cases>
    <test-case start="1538720657160" status="passed" stop="1538720661307">
      <name>test_login.TestMemberLogin.test_user_can_not_login_with_empty_verifySN</name>
      <attachments>
        <attachment source="b0a19ee4-e694-4973-849f-1dfbf2d95e0f-attachment.txt" title="Captured stdout call" type="text/plain"/>
      </attachments>
      <labels>
        <label name="feature" value="會員登入功能"/>
        <label name="story" value="登入驗証碼NULL"/>
        <label name="severity" value="normal"/>
        <label name="thread" value="2056-MainThread"/>
        <label name="host" value="ehsnde-MacBook-Pro.local"/>
        <label name="framework" value="pytest"/>
        <label name="language" value="cpython3"/>
      </labels>
      <steps>
        <step start="1538720657163" status="passed" stop="1538720657163">
          <name>輸入帳號密碼</name>
          <title>輸入帳號密碼</title>
          <attachments>
            <attachment source="36dfcbe0-0ac8-4b7c-98ad-84ddd33187a4-attachment.txt" title="帳號" type="text/plain"/>
            <attachment source="f5cdfd1d-0fd1-4af0-8058-7a030b4dbfc8-attachment.txt" title="密碼" type="text/plain"/>
          </attachments>
          <steps/>
        </step>
      </steps>
    </test-case>
    <test-case start="1538720661311" status="passed" stop="1538720674869">
      <name>test_login.TestMemberLogin.test_user_can_login_and_logout</name>
      <attachments/>
      <labels>
        <label name="feature" value="會員登入功能"/>
        <label name="story" value="會員登入與登出功能"/>
        <label name="severity" value="normal"/>
        <label name="thread" value="2056-MainThread"/>
        <label name="host" value="ehsnde-MacBook-Pro.local"/>
        <label name="framework" value="pytest"/>
        <label name="language" value="cpython3"/>
      </labels>
      <steps>
        <step start="1538720661313" status="passed" stop="1538720661313">
          <name>開啟登入頁</name>
          <title>開啟登入頁</title>
          <attachments/>
          <steps/>
        </step>
        <step start="1538720661313" status="passed" stop="1538720661313">
          <name>輸入帳號、密碼，點擊登入Btn</name>
          <title>輸入帳號、密碼，點擊登入Btn</title>
          <attachments>
            <attachment source="cfa75141-8b84-4a47-986a-786927f508a7-attachment.txt" title="帳號" type="text/plain"/>
            <attachment source="f86f65c4-41f3-4854-a65e-a896cfc89bf2-attachment.txt" title="密碼" type="text/plain"/>
          </attachments>
          <steps/>
        </step>
        <step start="1538720670958" status="passed" stop="1538720670958">
          <name>首頁的登入text必須visible，「xxx 您好」</name>
          <title>首頁的登入text必須visible，「xxx 您好」</title>
          <attachments/>
          <steps/>
        </step>
        <step start="1538720671172" status="passed" stop="1538720671172">
          <name>關閉CrazyAD</name>
          <title>關閉CrazyAD</title>
          <attachments/>
          <steps/>
        </step>
        <step start="1538720671631" status="passed" stop="1538720671631">
          <name>點擊登出Btn</name>
          <title>點擊登出Btn</title>
          <attachments/>
          <steps/>
        </step>
        <step start="1538720671952" status="passed" stop="1538720671952">
          <name>成功登出，登入Btn可點擊</name>
          <title>成功登出，登入Btn可點擊</title>
          <attachments/>
          <steps/>
        </step>
      </steps>
    </test-case>
    <test-case start="1538720674874" status="passed" stop="1538720674876">
      <name>test_step.TestUserHandling.test_login</name>
      <attachments/>
      <labels>
        <label name="severity" value="critical"/>
        <label name="thread" value="2056-MainThread"/>
        <label name="host" value="ehsnde-MacBook-Pro.local"/>
        <label name="framework" value="pytest"/>
        <label name="language" value="cpython3"/>
      </labels>
      <steps/>
    </test-case>
    <test-case start="1538720674877" status="failed" stop="1538720674985">
      <name>test_step.TestUserHandling.test_modification</name>
      <failure>
        <message>AssertionError: assert 0</message>
        <stack-trace>self = &lt;testcase.test_step.TestUserHandling object at 0x103b70e10&gt;

    def test_modification(self):
&gt;       assert 0
E       assert 0

testcase/test_step.py:10: AssertionError</stack-trace>
      </failure>
      <attachments/>
      <labels>
        <label name="severity" value="critical"/>
        <label name="thread" value="2056-MainThread"/>
        <label name="host" value="ehsnde-MacBook-Pro.local"/>
        <label name="framework" value="pytest"/>
        <label name="language" value="cpython3"/>
      </labels>
      <steps/>
    </test-case>
    <test-case start="1538720674986" status="passed" stop="1538720674988">
      <name>test_step.TestUserHandling.test_deletion</name>
      <attachments/>
      <labels>
        <label name="severity" value="critical"/>
        <label name="thread" value="2056-MainThread"/>
        <label name="host" value="ehsnde-MacBook-Pro.local"/>
        <label name="framework" value="pytest"/>
        <label name="language" value="cpython3"/>
      </labels>
      <steps/>
    </test-case>
    <test-case start="1538720674990" status="passed" stop="1538720674991">
      <name>test_step.test_normal</name>
      <attachments/>
      <labels>
        <label name="severity" value="normal"/>
        <label name="thread" value="2056-MainThread"/>
        <label name="host" value="ehsnde-MacBook-Pro.local"/>
        <label name="framework" value="pytest"/>
        <label name="language" value="cpython3"/>
      </labels>
      <steps/>
    </test-case>
  </test-cases>
</ns0:test-suite>
