{
  "uid" : "4b4757e66a1912dae1a509f688f20b0f",
  "name" : "categories",
  "children" : [ {
    "name" : "Product defects",
    "children" : [ {
      "name" : "TimeoutException: Message: \n            failed while waiting 4 seconds\n            to assert Visible\n            for first_by('css selector', 'div#logon>ul>li>span')\n\n            reason: NoSuchElementException: no such element: Unable to locate element: {\"method\":\"css selector\",\"selector\":\"div#logon>ul>li>span\"}\n  (Session info: chrome=71.0.3578.98)\n  (Driver info: chromedriver=2.41.578706 (5f725d1b4f0a4acbf5259df887244095596231db),platform=Mac OS X 10.14.2 x86_64)\n            screenshot: file:///Users/ehsn/.selene/screenshots/1544968598590/screen_1544968598591.png\n",
      "children" : [ {
        "name" : "test_login.TestMemberLogin.test_user_login_fail",
        "uid" : "a63491e9abc30887",
        "parentUid" : "3d525e0db88b7f1d0c69421c1f8528c0",
        "status" : "failed",
        "time" : {
          "start" : 1544968607258,
          "stop" : 1544968615425,
          "duration" : 8167
        },
        "flaky" : false,
        "parameters" : [ ]
      } ],
      "uid" : "3d525e0db88b7f1d0c69421c1f8528c0"
    }, {
      "name" : "AssertionError: assert 0",
      "children" : [ {
        "name" : "test_step.TestUserHandling.test_modification",
        "uid" : "79c9e20b48422e05",
        "parentUid" : "c9c77d7ae15b4ab6e63220cefc19b68f",
        "status" : "failed",
        "time" : {
          "start" : 1544968699672,
          "stop" : 1544968699675,
          "duration" : 3
        },
        "flaky" : false,
        "parameters" : [ ]
      } ],
      "uid" : "c9c77d7ae15b4ab6e63220cefc19b68f"
    } ],
    "uid" : "8fb3a91ba5aaf9de24cc8a92edc82b5d"
  } ]
}