{
  "uid" : "936be531995455",
  "name" : "test_step.TestUserHandling.test_modification",
  "fullName" : "testcase.test_step.TestUserHandling.test_modification",
  "historyId" : "ea68d4df85c6dab417c629423ac4e25f",
  "time" : {
    "start" : 1538989383562,
    "stop" : 1538989383688,
    "duration" : 126
  },
  "description" : "",
  "descriptionHtml" : "",
  "status" : "failed",
  "statusMessage" : "AssertionError: assert 0",
  "statusTrace" : "self = <testcase.test_step.TestUserHandling object at 0x1071b8b38>\n\n    def test_modification(self):\n>       assert 0\nE       assert 0\n\ntestcase/test_step.py:10: AssertionError",
  "flaky" : false,
  "beforeStages" : [ ],
  "afterStages" : [ ],
  "labels" : [ {
    "name" : "framework",
    "value" : "pytest"
  }, {
    "name" : "host",
    "value" : "ehsnde-MacBook-Pro.local"
  }, {
    "name" : "language",
    "value" : "cpython3"
  }, {
    "name" : "severity",
    "value" : "critical"
  }, {
    "name" : "thread",
    "value" : "3736-MainThread"
  }, {
    "name" : "suite",
    "value" : "testcase"
  }, {
    "name" : "testClass",
    "value" : "testcase"
  }, {
    "name" : "testMethod",
    "value" : "test_step.TestUserHandling.test_modification"
  }, {
    "name" : "package",
    "value" : "testcase"
  }, {
    "name" : "resultFormat",
    "value" : "allure1"
  } ],
  "parameters" : [ ],
  "links" : [ ],
  "hidden" : false,
  "retry" : false,
  "extra" : {
    "severity" : "critical",
    "retries" : [ ],
    "categories" : [ {
      "name" : "Product defects",
      "matchedStatuses" : [ ],
      "flaky" : false
    } ],
    "tags" : [ ]
  },
  "source" : "936be531995455.json",
  "parameterValues" : [ ]
}